<?xml version="1.0" encoding="UTF-8"?>
<testsuite xmlns:xsi="http://www.w3.org/2001/XMLSchema-instance" xsi:noNamespaceSchemaLocation="https://maven.apache.org/surefire/maven-surefire-plugin/xsd/surefire-test-report-3.0.xsd" version="3.0" name="CucumberOptions.TestRunner" time="6.132" tests="2" errors="0" skipped="0" failures="0">
  <properties>
[...]
</properties>
  <testcase name=": Create new place on the google map #1" classname="Google place functionality" time="4.591">
    <system-out><![CDATA[Request method:	POST
Request URI:	https://rahulshettyacademy.com/maps/api/place/add/json?key=qaclick123
Proxy:			<none>
Request params:	<none>
Query params:	key=qaclick123
Form params:	<none>
Path params:	<none>
Headers:		Accept=*/*
				Content-Type=application/json
Cookies:		<none>
Multiparts:		<none>
Body:
{
    "location": {
        "lat": -38.383494,
        "lng": 33.427362
    },
    "accuracy": 50,
    "name": "Jude",
    "phone_number": "43562736",
    "address": "England",
    "types": [
        "shoe park",
        "shop"
    ],
    "website": "http://google.com",
    "language": "Odia"
}
]]></system-out>
  </testcase>
  <testcase name=": Create new place on the google map #2" classname="Google place functionality" time="0.703">
    <system-out><![CDATA[Request method:	POST
Request URI:	https://rahulshettyacademy.com/maps/api/place/add/json?key=qaclick123
Proxy:			<none>
Request params:	<none>
Query params:	key=qaclick123
Form params:	<none>
Path params:	<none>
Headers:		Accept=*/*
				Content-Type=application/json
Cookies:		<none>
Multiparts:		<none>
Body:
{
    "location": {
        "lat": -38.383494,
        "lng": 33.427362
    },
    "accuracy": 50,
    "name": "vini",
    "phone_number": "4363920",
    "address": "Brazil",
    "types": [
        "shoe park",
        "shop"
    ],
    "website": "http://google.com",
    "language": "Odia"
}
]]></system-out>
  </testcase>
</testsuite>